<?xml version="1.0" encoding="UTF-8"?>
<!-- Generated by org.testng.reporters.JUnitXMLReporter -->
<testsuite ignored="3" hostname="DESKTOP-J77VF4B" failures="0" tests="1" name="Default test" time="8.796" errors="0" timestamp="2025-02-07T15:19:26 IST">
  <testcase classname="testCases.LoginPageTest" name="loginToApplicationTest" time="2.228"/>
  <testcase classname="testCases.LoginPageTest" name="loginToApplicationWithMultiCredsTest" time="0.0">
    <ignored/>
  </testcase> <!-- loginToApplicationWithMultiCredsTest -->
  <testcase classname="testCases.LoginPageTest" name="verifyURLOfApplicationTest" time="0.0">
    <ignored/>
  </testcase> <!-- verifyURLOfApplicationTest -->
  <testcase classname="testCases.LoginPageTest" name="verifyTitleOfApplicationTest" time="0.0">
    <ignored/>
  </testcase> <!-- verifyTitleOfApplicationTest -->
</testsuite> <!-- Default test -->
