<?xml version="1.0" encoding="UTF-8"?>
<!-- Generated by org.testng.reporters.JUnitXMLReporter -->
<testsuite ignored="0" hostname="DESKTOP-J77VF4B" failures="3" tests="11" name="Login_InventoryTest" time="83.418" errors="0" timestamp="2025-02-04T18:25:40 IST">
  <testcase classname="testCases.InventorypageTest" name="add6ProductTest" time="6.702">
    <failure type="java.lang.AssertionError" message="expected [6] but found [3]">
      <![CDATA[java.lang.AssertionError: expected [6] but found [3]
at testCases.InventorypageTest.add6ProductTest(InventorypageTest.java:89)
at java.base/java.util.ArrayList.forEach(ArrayList.java:1511)
... Removed 33 stack frames]]>
    </failure>
  </testcase> <!-- add6ProductTest -->
  <testcase classname="testCases.InventorypageTest" name="remove6Products" time="16.877">
    <failure type="java.lang.AssertionError" message="expected [5] but found [2]">
      <![CDATA[java.lang.AssertionError: expected [5] but found [2]
at testCases.InventorypageTest.remove6Products(InventorypageTest.java:98)
at java.base/java.util.ArrayList.forEach(ArrayList.java:1511)
... Removed 33 stack frames]]>
    </failure>
  </testcase> <!-- remove6Products -->
  <testcase classname="testCases.InventorypageTest" name="verifyFaceBookLogoTest" time="0.072"/>
  <testcase classname="testCases.InventorypageTest" name="verifyLinkedInLogoTest" time="0.074"/>
  <testcase classname="testCases.InventorypageTest" name="verifyProductTxtTest" time="0.149"/>
  <testcase classname="testCases.InventorypageTest" name="verifyTitleOfApplicationTest" time="0.013"/>
  <testcase classname="testCases.InventorypageTest" name="verifyTwitterLogoTest" time="0.052"/>
  <testcase classname="testCases.InventorypageTest" name="verifyfooterTest" time="0.048"/>
  <testcase classname="testCases.LoginPageTest" name="loginToApplicationTest" time="1.321"/>
  <testcase classname="testCases.LoginPageTest" name="verifyTitleOfApplicationTest" time="0.08">
    <failure type="java.lang.NullPointerException" message="Cannot invoke &amp;quot;org.apache.poi.ss.usermodel.Cell.getStringCellValue()&amp;quot; because the return value of &amp;quot;org.apache.poi.ss.usermodel.Row.getCell(int)&amp;quot; is null">
      <![CDATA[java.lang.NullPointerException: Cannot invoke "org.apache.poi.ss.usermodel.Cell.getStringCellValue()" because the return value of "org.apache.poi.ss.usermodel.Row.getCell(int)" is null
at utility.ReadData.readExcel(ReadData.java:28)
at testCases.LoginPageTest.verifyTitleOfApplicationTest(LoginPageTest.java:48)
at java.base/java.util.ArrayList.forEach(ArrayList.java:1511)
... Removed 27 stack frames]]>
    </failure>
  </testcase> <!-- verifyTitleOfApplicationTest -->
  <testcase classname="testCases.LoginPageTest" name="verifyURLOfApplicationTest" time="0.063"/>
</testsuite> <!-- Login_InventoryTest -->
