<?xml version="1.0" encoding="UTF-8"?>
<testng-results ignored="3" total="4" passed="1" failed="0" skipped="0">
  <reporter-output>
    <line>
      <![CDATA[Login successful =https://www.saucedemo.com/inventory.html]]>
    </line>
  </reporter-output>
  <suite started-at="2025-02-07T15:19:17 IST" name="Default suite" finished-at="2025-02-07T15:19:26 IST" duration-ms="8796">
    <groups>
      <group name="retest">
        <method signature="LoginPageTest.loginToApplicationTest()[pri:0, instance:testCases.LoginPageTest@2a3888c1]" name="loginToApplicationTest" class="testCases.LoginPageTest"/>
      </group> <!-- retest -->
    </groups>
    <test started-at="2025-02-07T15:19:17 IST" name="Default test" finished-at="2025-02-07T15:19:26 IST" duration-ms="8796">
      <class name="testCases.LoginPageTest">
        <test-method is-config="true" signature="setUp()[pri:0, instance:testCases.LoginPageTest@2a3888c1]" started-at="2025-02-07T15:19:17 IST" name="setUp" finished-at="2025-02-07T15:19:23 IST" duration-ms="5422" status="PASS">
          <reporter-output>
          </reporter-output>
        </test-method> <!-- setUp -->
        <test-method signature="loginToApplicationTest()[pri:0, instance:testCases.LoginPageTest@2a3888c1]" started-at="2025-02-07T15:19:23 IST" name="loginToApplicationTest" finished-at="2025-02-07T15:19:25 IST" duration-ms="2228" status="PASS">
          <reporter-output>
            <line>
              <![CDATA[Login successful =https://www.saucedemo.com/inventory.html]]>
            </line>
          </reporter-output>
        </test-method> <!-- loginToApplicationTest -->
        <test-method is-config="true" signature="closeBrowser(org.testng.ITestResult)[pri:0, instance:testCases.LoginPageTest@2a3888c1]" started-at="2025-02-07T15:19:25 IST" name="closeBrowser" finished-at="2025-02-07T15:19:26 IST" duration-ms="1050" status="PASS">
          <params>
            <param index="0">
              <value>
                <![CDATA[[TestResult name=loginToApplicationTest status=SUCCESS method=LoginPageTest.loginToApplicationTest()[pri:0, instance:testCases.LoginPageTest@2a3888c1] output=Login successful =https://www.saucedemo.com/inventory.html]]]>
              </value>
            </param>
          </params>
          <reporter-output>
          </reporter-output>
        </test-method> <!-- closeBrowser -->
      </class> <!-- testCases.LoginPageTest -->
    </test> <!-- Default test -->
  </suite> <!-- Default suite -->
</testng-results>
