<?xml version="1.0" encoding="UTF-8"?>
<!-- Generated by org.testng.reporters.JUnitXMLReporter -->
<testsuite ignored="12" hostname="DESKTOP-J77VF4B" failures="0" tests="6" name="Group_Test" time="58.163" errors="0" timestamp="2025-02-07T12:10:00 IST">
  <testcase classname="testCases.InventorypageTest" name="remove6Products" time="16.147"/>
  <testcase classname="testCases.InventorypageTest" name="verifyTitleOfApplicationTest" time="0.016"/>
  <testcase classname="testCases.InventorypageTest" name="verifyfooterTest" time="0.049"/>
  <testcase classname="testCases.LoginPageTest" name="verifyTitleOfApplicationTest" time="1.085"/>
  <testcase classname="testCases.cartPageTest" name="cartDiscriptionTest" time="0.039"/>
  <testcase classname="testCases.cartPageTest" name="cartPageTitleTest" time="0.037"/>
  <testcase classname="testCases.InventorypageTest" name="add6ProductTest" time="0.0">
    <ignored/>
  </testcase> <!-- add6ProductTest -->
  <testcase classname="testCases.CheckOutStep_OnePageTest" name="information" time="0.0">
    <ignored/>
  </testcase> <!-- information -->
  <testcase classname="testCases.cartPageTest" name="clickoncartTest" time="0.0">
    <ignored/>
  </testcase> <!-- clickoncartTest -->
  <testcase classname="testCases.cartPageTest" name="continueshoppingBtnTest" time="0.0">
    <ignored/>
  </testcase> <!-- continueshoppingBtnTest -->
  <testcase classname="testCases.InventorypageTest" name="verifyLinkedInLogoTest" time="0.0">
    <ignored/>
  </testcase> <!-- verifyLinkedInLogoTest -->
  <testcase classname="testCases.InventorypageTest" name="verifyTwitterLogoTest" time="0.0">
    <ignored/>
  </testcase> <!-- verifyTwitterLogoTest -->
  <testcase classname="testCases.InventorypageTest" name="verifyProductTxtTest" time="0.0">
    <ignored/>
  </testcase> <!-- verifyProductTxtTest -->
  <testcase classname="testCases.LoginPageTest" name="loginToApplicationTest" time="0.0">
    <ignored/>
  </testcase> <!-- loginToApplicationTest -->
  <testcase classname="testCases.InventorypageTest" name="verifyFaceBookLogoTest" time="0.0">
    <ignored/>
  </testcase> <!-- verifyFaceBookLogoTest -->
  <testcase classname="testCases.cartPageTest" name="appLogoTest" time="0.0">
    <ignored/>
  </testcase> <!-- appLogoTest -->
  <testcase classname="testCases.LoginPageTest" name="verifyURLOfApplicationTest" time="0.0">
    <ignored/>
  </testcase> <!-- verifyURLOfApplicationTest -->
  <testcase classname="testCases.cartPageTest" name="cartQuantityLableTest" time="0.0">
    <ignored/>
  </testcase> <!-- cartQuantityLableTest -->
</testsuite> <!-- Group_Test -->
