<?xml version="1.0" encoding="UTF-8"?>
<!-- Generated by org.testng.reporters.JUnitReportReporter -->
<testsuite hostname="DESKTOP-J77VF4B" failures="0" tests="3" name="testCases.InventorypageTest" time="31.142" errors="0" timestamp="2025-02-07T12:10:01 IST" skipped="0">
  <testcase classname="testCases.InventorypageTest" name="verifyTitleOfApplicationTest" time="5.133"/>
  <system-out>
    <![CDATA[Swag Labs Title = Swag Labs]]>
  </system-out>
  <testcase classname="testCases.InventorypageTest" name="verifyfooterTest" time="3.563"/>
  <system-out>
    <![CDATA[Footer lable =© 2025 Sauce Labs. All Rights Reserved. Terms of Service | Privacy Policy]]>
  </system-out>
  <testcase classname="testCases.InventorypageTest" name="remove6Products" time="22.446"/>
  <system-out>
    <![CDATA[Remove Product count =5]]>
  </system-out>
</testsuite> <!-- testCases.InventorypageTest -->
