<?xml version="1.0" encoding="UTF-8"?>
<!-- Generated by org.testng.reporters.JUnitReportReporter -->
<testsuite hostname="DESKTOP-J77VF4B" failures="0" tests="1" name="testCases.CheckOutStep_OnePageTest" time="18.723" errors="0" timestamp="2025-02-04T15:44:53 IST" skipped="0">
  <testcase classname="testCases.CheckOutStep_OnePageTest" name="information" time="18.723"/>
  <system-out>
    <![CDATA[Checkout two page =https://www.saucedemo.com/checkout-step-two.html]]>
  </system-out>
</testsuite> <!-- testCases.CheckOutStep_OnePageTest -->
