<?xml version="1.0" encoding="UTF-8"?>
<!-- Generated by org.testng.reporters.JUnitReportReporter -->
<testsuite hostname="DESKTOP-J77VF4B" failures="0" tests="1" name="testCases.LoginPageTest" time="8.700" errors="0" timestamp="2025-02-07T15:19:26 IST" skipped="0">
  <testcase classname="testCases.LoginPageTest" name="loginToApplicationTest" time="8.700"/>
  <system-out>
    <![CDATA[Login successful =https://www.saucedemo.com/inventory.html]]>
  </system-out>
</testsuite> <!-- testCases.LoginPageTest -->
