<?xml version="1.0" encoding="UTF-8"?>
<!-- Generated by org.testng.reporters.JUnitReportReporter -->
<testsuite hostname="DESKTOP-J77VF4B" failures="0" tests="2" name="testCases.cartPageTest" time="20.898" errors="0" timestamp="2025-02-07T12:10:01 IST" skipped="0">
  <testcase classname="testCases.cartPageTest" name="cartPageTitleTest" time="11.147"/>
  <system-out>
    <![CDATA[Title of cart page is =Your Cart]]>
  </system-out>
  <testcase classname="testCases.cartPageTest" name="cartDiscriptionTest" time="9.751"/>
  <system-out>
    <![CDATA[ Cart Description =Description]]>
  </system-out>
</testsuite> <!-- testCases.cartPageTest -->
